<?xml version="1.0" encoding="UTF-8"?>
<coverage generated="1716280146538" clover="3.2.0">
  <project timestamp="1716280146538" name="All files">
    <metrics statements="62" coveredstatements="33" conditionals="6" coveredconditionals="2" methods="23" coveredmethods="8" elements="91" coveredelements="43" complexity="0" loc="62" ncloc="62" packages="2" files="11" classes="11"/>
    <package name="components">
      <metrics statements="43" coveredstatements="19" conditionals="6" coveredconditionals="2" methods="16" coveredmethods="6"/>
      <file name="Body.js" path="C:\Users\ajay narera\Namaste React course\Namaste-React\IGNITE FOOD APP 2024\src\components\Body.js">
        <metrics statements="24" coveredstatements="1" conditionals="2" coveredconditionals="0" methods="9" coveredmethods="0"/>
        <line num="9" count="1" type="stmt"/>
        <line num="15" count="0" type="stmt"/>
        <line num="16" count="0" type="stmt"/>
        <line num="18" count="0" type="stmt"/>
        <line num="20" count="0" type="stmt"/>
        <line num="21" count="0" type="stmt"/>
        <line num="25" count="0" type="stmt"/>
        <line num="29" count="0" type="stmt"/>
        <line num="39" count="0" type="stmt"/>
        <line num="40" count="0" type="stmt"/>
        <line num="47" count="0" type="cond" truecount="0" falsecount="2"/>
        <line num="48" count="0" type="stmt"/>
        <line num="51" count="0" type="stmt"/>
        <line num="53" count="0" type="stmt"/>
        <line num="61" count="0" type="stmt"/>
        <line num="68" count="0" type="stmt"/>
        <line num="69" count="0" type="stmt"/>
        <line num="70" count="0" type="stmt"/>
        <line num="74" count="0" type="stmt"/>
        <line num="83" count="0" type="stmt"/>
        <line num="84" count="0" type="stmt"/>
        <line num="86" count="0" type="stmt"/>
        <line num="87" count="0" type="stmt"/>
        <line num="99" count="0" type="stmt"/>
      </file>
      <file name="Contact.js" path="C:\Users\ajay narera\Namaste React course\Namaste-React\IGNITE FOOD APP 2024\src\components\Contact.js">
        <metrics statements="2" coveredstatements="2" conditionals="0" coveredconditionals="0" methods="1" coveredmethods="1"/>
        <line num="3" count="1" type="stmt"/>
        <line num="4" count="4" type="stmt"/>
      </file>
      <file name="Header.js" path="C:\Users\ajay narera\Namaste React course\Namaste-React\IGNITE FOOD APP 2024\src\components\Header.js">
        <metrics statements="9" coveredstatements="9" conditionals="4" coveredconditionals="2" methods="3" coveredmethods="3"/>
        <line num="9" count="1" type="stmt"/>
        <line num="10" count="2" type="stmt"/>
        <line num="12" count="2" type="stmt"/>
        <line num="14" count="2" type="stmt"/>
        <line num="16" count="2" type="stmt"/>
        <line num="17" count="3" type="stmt"/>
        <line num="19" count="2" type="stmt"/>
        <line num="24" count="2" type="stmt"/>
        <line num="68" count="1" type="cond" truecount="1" falsecount="1"/>
      </file>
      <file name="Loader.js" path="C:\Users\ajay narera\Namaste React course\Namaste-React\IGNITE FOOD APP 2024\src\components\Loader.js">
        <metrics statements="2" coveredstatements="1" conditionals="0" coveredconditionals="0" methods="1" coveredmethods="0"/>
        <line num="3" count="1" type="stmt"/>
        <line num="4" count="0" type="stmt"/>
      </file>
      <file name="RestaurantCard.js" path="C:\Users\ajay narera\Namaste React course\Namaste-React\IGNITE FOOD APP 2024\src\components\RestaurantCard.js">
        <metrics statements="4" coveredstatements="4" conditionals="0" coveredconditionals="0" methods="1" coveredmethods="1"/>
        <line num="3" count="2" type="stmt"/>
        <line num="4" count="1" type="stmt"/>
        <line num="14" count="1" type="stmt"/>
        <line num="16" count="1" type="stmt"/>
      </file>
      <file name="sum.js" path="C:\Users\ajay narera\Namaste React course\Namaste-React\IGNITE FOOD APP 2024\src\components\sum.js">
        <metrics statements="2" coveredstatements="2" conditionals="0" coveredconditionals="0" methods="1" coveredmethods="1"/>
        <line num="1" count="2" type="stmt"/>
        <line num="2" count="2" type="stmt"/>
      </file>
    </package>
    <package name="utils">
      <metrics statements="19" coveredstatements="14" conditionals="0" coveredconditionals="0" methods="7" coveredmethods="2"/>
      <file name="CartSlice.js" path="C:\Users\ajay narera\Namaste React course\Namaste-React\IGNITE FOOD APP 2024\src\utils\CartSlice.js">
        <metrics statements="5" coveredstatements="2" conditionals="0" coveredconditionals="0" methods="3" coveredmethods="0"/>
        <line num="3" count="1" type="stmt"/>
        <line num="10" count="0" type="stmt"/>
        <line num="14" count="0" type="stmt"/>
        <line num="18" count="0" type="stmt"/>
        <line num="32" count="1" type="stmt"/>
      </file>
      <file name="UserContext.js" path="C:\Users\ajay narera\Namaste React course\Namaste-React\IGNITE FOOD APP 2024\src\utils\UserContext.js">
        <metrics statements="1" coveredstatements="1" conditionals="0" coveredconditionals="0" methods="0" coveredmethods="0"/>
        <line num="3" count="1" type="stmt"/>
      </file>
      <file name="appStore.js" path="C:\Users\ajay narera\Namaste React course\Namaste-React\IGNITE FOOD APP 2024\src\utils\appStore.js">
        <metrics statements="1" coveredstatements="1" conditionals="0" coveredconditionals="0" methods="0" coveredmethods="0"/>
        <line num="4" count="1" type="stmt"/>
      </file>
      <file name="constants.js" path="C:\Users\ajay narera\Namaste React course\Namaste-React\IGNITE FOOD APP 2024\src\utils\constants.js">
        <metrics statements="4" coveredstatements="4" conditionals="0" coveredconditionals="0" methods="0" coveredmethods="0"/>
        <line num="3" count="2" type="stmt"/>
        <line num="7" count="2" type="stmt"/>
        <line num="9" count="2" type="stmt"/>
        <line num="11" count="2" type="stmt"/>
      </file>
      <file name="useOnlineStatus.js" path="C:\Users\ajay narera\Namaste React course\Namaste-React\IGNITE FOOD APP 2024\src\utils\useOnlineStatus.js">
        <metrics statements="8" coveredstatements="6" conditionals="0" coveredconditionals="0" methods="4" coveredmethods="2"/>
        <line num="3" count="1" type="stmt"/>
        <line num="4" count="2" type="stmt"/>
        <line num="6" count="2" type="stmt"/>
        <line num="7" count="1" type="stmt"/>
        <line num="8" count="0" type="stmt"/>
        <line num="11" count="1" type="stmt"/>
        <line num="12" count="0" type="stmt"/>
        <line num="17" count="2" type="stmt"/>
      </file>
    </package>
  </project>
</coverage>
