{"C:\\Users\\ajay narera\\Namaste React course\\Namaste-React\\IGNITE FOOD APP 2024\\src\\components\\Body.js": {"path":"C:\\Users\\ajay narera\\Namaste React course\\Namaste-React\\IGNITE FOOD APP 2024\\src\\components\\Body.js","statementMap":{"0":{"start":{"line":9,"column":13},"end":{"line":112,"column":1}},"1":{"start":{"line":15,"column":52},"end":{"line":15,"column":64}},"2":{"start":{"line":16,"column":54},"end":{"line":16,"column":66}},"3":{"start":{"line":18,"column":37},"end":{"line":18,"column":49}},"4":{"start":{"line":20,"column":5},"end":{"line":22,"column":11}},"5":{"start":{"line":21,"column":9},"end":{"line":21,"column":26}},"6":{"start":{"line":25,"column":19},"end":{"line":28,"column":7}},"7":{"start":{"line":29,"column":19},"end":{"line":29,"column":36}},"8":{"start":{"line":39,"column":6},"end":{"line":39,"column":103}},"9":{"start":{"line":40,"column":6},"end":{"line":40,"column":104}},"10":{"start":{"line":47,"column":4},"end":{"line":50,"column":4}},"11":{"start":{"line":48,"column":4},"end":{"line":50,"column":4}},"12":{"start":{"line":51,"column":3},"end":{"line":51,"column":32}},"13":{"start":{"line":53,"column":2},"end":{"line":111,"column":4}},"14":{"start":{"line":61,"column":12},"end":{"line":61,"column":42}},"15":{"start":{"line":68,"column":14},"end":{"line":68,"column":40}},"16":{"start":{"line":69,"column":35},"end":{"line":71,"column":15}},"17":{"start":{"line":70,"column":16},"end":{"line":70,"column":78}},"18":{"start":{"line":74,"column":14},"end":{"line":74,"column":50}},"19":{"start":{"line":83,"column":33},"end":{"line":85,"column":13}},"20":{"start":{"line":84,"column":23},"end":{"line":84,"column":45}},"21":{"start":{"line":86,"column":12},"end":{"line":86,"column":48}},"22":{"start":{"line":87,"column":12},"end":{"line":87,"column":38}},"23":{"start":{"line":99,"column":12},"end":{"line":106,"column":17}}},"fnMap":{"0":{"name":"(anonymous_0)","decl":{"start":{"line":9,"column":13},"end":{"line":9,"column":14}},"loc":{"start":{"line":9,"column":19},"end":{"line":112,"column":1}},"line":9},"1":{"name":"(anonymous_1)","decl":{"start":{"line":20,"column":16},"end":{"line":20,"column":17}},"loc":{"start":{"line":20,"column":22},"end":{"line":22,"column":6}},"line":20},"2":{"name":"getRestaurants","decl":{"start":{"line":24,"column":20},"end":{"line":24,"column":34}},"loc":{"start":{"line":24,"column":37},"end":{"line":43,"column":5}},"line":24},"3":{"name":"(anonymous_3)","decl":{"start":{"line":60,"column":20},"end":{"line":60,"column":21}},"loc":{"start":{"line":60,"column":27},"end":{"line":62,"column":11}},"line":60},"4":{"name":"(anonymous_4)","decl":{"start":{"line":67,"column":23},"end":{"line":67,"column":24}},"loc":{"start":{"line":67,"column":29},"end":{"line":77,"column":9}},"line":67},"5":{"name":"(anonymous_5)","decl":{"start":{"line":69,"column":60},"end":{"line":69,"column":61}},"loc":{"start":{"line":70,"column":16},"end":{"line":70,"column":78}},"line":70},"6":{"name":"(anonymous_6)","decl":{"start":{"line":81,"column":19},"end":{"line":81,"column":20}},"loc":{"start":{"line":81,"column":25},"end":{"line":88,"column":11}},"line":81},"7":{"name":"(anonymous_7)","decl":{"start":{"line":84,"column":14},"end":{"line":84,"column":15}},"loc":{"start":{"line":84,"column":23},"end":{"line":84,"column":45}},"line":84},"8":{"name":"(anonymous_8)","decl":{"start":{"line":98,"column":32},"end":{"line":98,"column":33}},"loc":{"start":{"line":99,"column":12},"end":{"line":106,"column":17}},"line":99}},"branchMap":{"0":{"loc":{"start":{"line":47,"column":4},"end":{"line":50,"column":4}},"type":"if","locations":[{"start":{"line":47,"column":4},"end":{"line":50,"column":4}},{"start":{},"end":{}}],"line":47}},"s":{"0":1,"1":0,"2":0,"3":0,"4":0,"5":0,"6":0,"7":0,"8":0,"9":0,"10":0,"11":0,"12":0,"13":0,"14":0,"15":0,"16":0,"17":0,"18":0,"19":0,"20":0,"21":0,"22":0,"23":0},"f":{"0":0,"1":0,"2":0,"3":0,"4":0,"5":0,"6":0,"7":0,"8":0},"b":{"0":[0,0]},"_coverageSchema":"1a1c01bbd47fc00a2c39e90264f33305004495a9","hash":"227f56861cde507de6d22cd9fd34eb5339d71058"}
,"C:\\Users\\ajay narera\\Namaste React course\\Namaste-React\\IGNITE FOOD APP 2024\\src\\components\\Contact.js": {"path":"C:\\Users\\ajay narera\\Namaste React course\\Namaste-React\\IGNITE FOOD APP 2024\\src\\components\\Contact.js","statementMap":{"0":{"start":{"line":3,"column":16},"end":{"line":14,"column":1}},"1":{"start":{"line":4,"column":2},"end":{"line":13,"column":4}}},"fnMap":{"0":{"name":"(anonymous_0)","decl":{"start":{"line":3,"column":16},"end":{"line":3,"column":17}},"loc":{"start":{"line":3,"column":22},"end":{"line":14,"column":1}},"line":3}},"branchMap":{},"s":{"0":1,"1":4},"f":{"0":4},"b":{},"_coverageSchema":"1a1c01bbd47fc00a2c39e90264f33305004495a9","hash":"2f291a5f1a03e8cae7208134558d07e111c03fca"}
,"C:\\Users\\ajay narera\\Namaste React course\\Namaste-React\\IGNITE FOOD APP 2024\\src\\components\\Header.js": {"path":"C:\\Users\\ajay narera\\Namaste React course\\Namaste-React\\IGNITE FOOD APP 2024\\src\\components\\Header.js","statementMap":{"0":{"start":{"line":9,"column":15},"end":{"line":80,"column":1}},"1":{"start":{"line":10,"column":42},"end":{"line":10,"column":59}},"2":{"start":{"line":12,"column":23},"end":{"line":12,"column":40}},"3":{"start":{"line":14,"column":24},"end":{"line":14,"column":47}},"4":{"start":{"line":16,"column":20},"end":{"line":18,"column":4}},"5":{"start":{"line":17,"column":7},"end":{"line":17,"column":31}},"6":{"start":{"line":19,"column":2},"end":{"line":19,"column":25}},"7":{"start":{"line":24,"column":2},"end":{"line":79,"column":4}},"8":{"start":{"line":68,"column":14},"end":{"line":70,"column":43}}},"fnMap":{"0":{"name":"(anonymous_0)","decl":{"start":{"line":9,"column":15},"end":{"line":9,"column":16}},"loc":{"start":{"line":9,"column":21},"end":{"line":80,"column":1}},"line":9},"1":{"name":"(anonymous_1)","decl":{"start":{"line":16,"column":32},"end":{"line":16,"column":33}},"loc":{"start":{"line":16,"column":43},"end":{"line":18,"column":3}},"line":16},"2":{"name":"(anonymous_2)","decl":{"start":{"line":66,"column":21},"end":{"line":66,"column":22}},"loc":{"start":{"line":66,"column":27},"end":{"line":72,"column":13}},"line":66}},"branchMap":{"0":{"loc":{"start":{"line":37,"column":30},"end":{"line":37,"column":54}},"type":"cond-expr","locations":[{"start":{"line":37,"column":45},"end":{"line":37,"column":48}},{"start":{"line":37,"column":51},"end":{"line":37,"column":54}}],"line":37},"1":{"loc":{"start":{"line":68,"column":14},"end":{"line":70,"column":42}},"type":"cond-expr","locations":[{"start":{"line":69,"column":18},"end":{"line":69,"column":43}},{"start":{"line":70,"column":18},"end":{"line":70,"column":42}}],"line":68}},"s":{"0":1,"1":2,"2":2,"3":2,"4":2,"5":3,"6":2,"7":2,"8":1},"f":{"0":2,"1":3,"2":1},"b":{"0":[2,0],"1":[1,0]},"_coverageSchema":"1a1c01bbd47fc00a2c39e90264f33305004495a9","hash":"ef029c8e1f262e0027dd587e98d73fb1c9a3851a"}
,"C:\\Users\\ajay narera\\Namaste React course\\Namaste-React\\IGNITE FOOD APP 2024\\src\\components\\Loader.js": {"path":"C:\\Users\\ajay narera\\Namaste React course\\Namaste-React\\IGNITE FOOD APP 2024\\src\\components\\Loader.js","statementMap":{"0":{"start":{"line":3,"column":15},"end":{"line":6,"column":9}},"1":{"start":{"line":4,"column":3},"end":{"line":6,"column":9}}},"fnMap":{"0":{"name":"(anonymous_0)","decl":{"start":{"line":3,"column":15},"end":{"line":3,"column":16}},"loc":{"start":{"line":4,"column":3},"end":{"line":6,"column":9}},"line":4}},"branchMap":{},"s":{"0":1,"1":0},"f":{"0":0},"b":{},"_coverageSchema":"1a1c01bbd47fc00a2c39e90264f33305004495a9","hash":"0d3ff6839c036ab9ea9ec1fd9fe5996d76b34d39"}
,"C:\\Users\\ajay narera\\Namaste React course\\Namaste-React\\IGNITE FOOD APP 2024\\src\\components\\RestaurantCard.js": {"path":"C:\\Users\\ajay narera\\Namaste React course\\Namaste-React\\IGNITE FOOD APP 2024\\src\\components\\RestaurantCard.js","statementMap":{"0":{"start":{"line":3,"column":23},"end":{"line":39,"column":1}},"1":{"start":{"line":4,"column":24},"end":{"line":4,"column":29}},"2":{"start":{"line":14,"column":8},"end":{"line":14,"column":21}},"3":{"start":{"line":16,"column":4},"end":{"line":38,"column":6}}},"fnMap":{"0":{"name":"(anonymous_0)","decl":{"start":{"line":3,"column":23},"end":{"line":3,"column":24}},"loc":{"start":{"line":3,"column":34},"end":{"line":39,"column":1}},"line":3}},"branchMap":{},"s":{"0":2,"1":1,"2":1,"3":1},"f":{"0":1},"b":{},"_coverageSchema":"1a1c01bbd47fc00a2c39e90264f33305004495a9","hash":"483bc9604666b72f5139d4f49a49d180f638024e"}
,"C:\\Users\\ajay narera\\Namaste React course\\Namaste-React\\IGNITE FOOD APP 2024\\src\\components\\sum.js": {"path":"C:\\Users\\ajay narera\\Namaste React course\\Namaste-React\\IGNITE FOOD APP 2024\\src\\components\\sum.js","statementMap":{"0":{"start":{"line":1,"column":19},"end":{"line":3,"column":1}},"1":{"start":{"line":2,"column":4},"end":{"line":2,"column":17}}},"fnMap":{"0":{"name":"(anonymous_0)","decl":{"start":{"line":1,"column":19},"end":{"line":1,"column":20}},"loc":{"start":{"line":1,"column":28},"end":{"line":3,"column":1}},"line":1}},"branchMap":{},"s":{"0":2,"1":2},"f":{"0":2},"b":{},"_coverageSchema":"1a1c01bbd47fc00a2c39e90264f33305004495a9","hash":"a8c9af055128d1972b1a419a15eb1dd292977ca4"}
,"C:\\Users\\ajay narera\\Namaste React course\\Namaste-React\\IGNITE FOOD APP 2024\\src\\utils\\CartSlice.js": {"path":"C:\\Users\\ajay narera\\Namaste React course\\Namaste-React\\IGNITE FOOD APP 2024\\src\\utils\\CartSlice.js","statementMap":{"0":{"start":{"line":3,"column":18},"end":{"line":22,"column":2}},"1":{"start":{"line":10,"column":14},"end":{"line":10,"column":47}},"2":{"start":{"line":14,"column":14},"end":{"line":14,"column":32}},"3":{"start":{"line":18,"column":14},"end":{"line":18,"column":37}},"4":{"start":{"line":32,"column":53},"end":{"line":32,"column":70}}},"fnMap":{"0":{"name":"(anonymous_0)","decl":{"start":{"line":9,"column":19},"end":{"line":9,"column":20}},"loc":{"start":{"line":9,"column":37},"end":{"line":12,"column":9}},"line":9},"1":{"name":"(anonymous_1)","decl":{"start":{"line":13,"column":22},"end":{"line":13,"column":23}},"loc":{"start":{"line":13,"column":40},"end":{"line":16,"column":9}},"line":13},"2":{"name":"(anonymous_2)","decl":{"start":{"line":17,"column":19},"end":{"line":17,"column":20}},"loc":{"start":{"line":17,"column":37},"end":{"line":20,"column":9}},"line":17}},"branchMap":{},"s":{"0":1,"1":0,"2":0,"3":0,"4":1},"f":{"0":0,"1":0,"2":0},"b":{},"_coverageSchema":"1a1c01bbd47fc00a2c39e90264f33305004495a9","hash":"ffa2af06de9e4167168f9179c32b84415574d048"}
,"C:\\Users\\ajay narera\\Namaste React course\\Namaste-React\\IGNITE FOOD APP 2024\\src\\utils\\UserContext.js": {"path":"C:\\Users\\ajay narera\\Namaste React course\\Namaste-React\\IGNITE FOOD APP 2024\\src\\utils\\UserContext.js","statementMap":{"0":{"start":{"line":3,"column":20},"end":{"line":5,"column":2}}},"fnMap":{},"branchMap":{},"s":{"0":1},"f":{},"b":{},"_coverageSchema":"1a1c01bbd47fc00a2c39e90264f33305004495a9","hash":"5b468f1b5a4688888ec3faf559fccf719c8cd469"}
,"C:\\Users\\ajay narera\\Namaste React course\\Namaste-React\\IGNITE FOOD APP 2024\\src\\utils\\appStore.js": {"path":"C:\\Users\\ajay narera\\Namaste React course\\Namaste-React\\IGNITE FOOD APP 2024\\src\\utils\\appStore.js","statementMap":{"0":{"start":{"line":4,"column":17},"end":{"line":8,"column":2}}},"fnMap":{},"branchMap":{},"s":{"0":1},"f":{},"b":{},"_coverageSchema":"1a1c01bbd47fc00a2c39e90264f33305004495a9","hash":"0da3cb2eea3dfb415c477d933a79af114589a9cc"}
,"C:\\Users\\ajay narera\\Namaste React course\\Namaste-React\\IGNITE FOOD APP 2024\\src\\utils\\constants.js": {"path":"C:\\Users\\ajay narera\\Namaste React course\\Namaste-React\\IGNITE FOOD APP 2024\\src\\utils\\constants.js","statementMap":{"0":{"start":{"line":3,"column":2},"end":{"line":3,"column":85}},"1":{"start":{"line":7,"column":2},"end":{"line":7,"column":91}},"2":{"start":{"line":9,"column":23},"end":{"line":9,"column":146}},"3":{"start":{"line":11,"column":32},"end":{"line":11,"column":59}}},"fnMap":{},"branchMap":{},"s":{"0":2,"1":2,"2":2,"3":2},"f":{},"b":{},"_coverageSchema":"1a1c01bbd47fc00a2c39e90264f33305004495a9","hash":"ad877aa1e5193ed110016b7ca7cb92d94e105c86"}
,"C:\\Users\\ajay narera\\Namaste React course\\Namaste-React\\IGNITE FOOD APP 2024\\src\\utils\\useOnlineStatus.js": {"path":"C:\\Users\\ajay narera\\Namaste React course\\Namaste-React\\IGNITE FOOD APP 2024\\src\\utils\\useOnlineStatus.js","statementMap":{"0":{"start":{"line":3,"column":24},"end":{"line":18,"column":1}},"1":{"start":{"line":4,"column":42},"end":{"line":4,"column":56}},"2":{"start":{"line":6,"column":2},"end":{"line":14,"column":9}},"3":{"start":{"line":7,"column":4},"end":{"line":9,"column":7}},"4":{"start":{"line":8,"column":6},"end":{"line":8,"column":29}},"5":{"start":{"line":11,"column":4},"end":{"line":13,"column":7}},"6":{"start":{"line":12,"column":6},"end":{"line":12,"column":28}},"7":{"start":{"line":17,"column":2},"end":{"line":17,"column":22}}},"fnMap":{"0":{"name":"(anonymous_0)","decl":{"start":{"line":3,"column":24},"end":{"line":3,"column":25}},"loc":{"start":{"line":3,"column":30},"end":{"line":18,"column":1}},"line":3},"1":{"name":"(anonymous_1)","decl":{"start":{"line":6,"column":12},"end":{"line":6,"column":13}},"loc":{"start":{"line":6,"column":18},"end":{"line":14,"column":3}},"line":6},"2":{"name":"(anonymous_2)","decl":{"start":{"line":7,"column":39},"end":{"line":7,"column":40}},"loc":{"start":{"line":7,"column":45},"end":{"line":9,"column":5}},"line":7},"3":{"name":"(anonymous_3)","decl":{"start":{"line":11,"column":38},"end":{"line":11,"column":39}},"loc":{"start":{"line":11,"column":44},"end":{"line":13,"column":5}},"line":11}},"branchMap":{},"s":{"0":1,"1":2,"2":2,"3":1,"4":0,"5":1,"6":0,"7":2},"f":{"0":2,"1":1,"2":0,"3":0},"b":{},"_coverageSchema":"1a1c01bbd47fc00a2c39e90264f33305004495a9","hash":"1df184504879d21ee89d37eb99ac546ec8337ccb"}
}
