TN:
SF:src\components\Body.js
FN:9,(anonymous_0)
FN:20,(anonymous_1)
FN:24,getRestaurants
FN:60,(anonymous_3)
FN:67,(anonymous_4)
FN:69,(anonymous_5)
FN:81,(anonymous_6)
FN:84,(anonymous_7)
FN:98,(anonymous_8)
FNF:9
FNH:0
FNDA:0,(anonymous_0)
FNDA:0,(anonymous_1)
FNDA:0,getRestaurants
FNDA:0,(anonymous_3)
FNDA:0,(anonymous_4)
FNDA:0,(anonymous_5)
FNDA:0,(anonymous_6)
FNDA:0,(anonymous_7)
FNDA:0,(anonymous_8)
DA:9,1
DA:15,0
DA:16,0
DA:18,0
DA:20,0
DA:21,0
DA:25,0
DA:29,0
DA:39,0
DA:40,0
DA:47,0
DA:48,0
DA:51,0
DA:53,0
DA:61,0
DA:68,0
DA:69,0
DA:70,0
DA:74,0
DA:83,0
DA:84,0
DA:86,0
DA:87,0
DA:99,0
LF:24
LH:1
BRDA:47,0,0,0
BRDA:47,0,1,0
BRF:2
BRH:0
end_of_record
TN:
SF:src\components\Contact.js
FN:3,(anonymous_0)
FNF:1
FNH:1
FNDA:4,(anonymous_0)
DA:3,1
DA:4,4
LF:2
LH:2
BRF:0
BRH:0
end_of_record
TN:
SF:src\components\Header.js
FN:9,(anonymous_0)
FN:16,(anonymous_1)
FN:66,(anonymous_2)
FNF:3
FNH:3
FNDA:2,(anonymous_0)
FNDA:3,(anonymous_1)
FNDA:1,(anonymous_2)
DA:9,1
DA:10,2
DA:12,2
DA:14,2
DA:16,2
DA:17,3
DA:19,2
DA:24,2
DA:68,1
LF:9
LH:9
BRDA:37,0,0,2
BRDA:37,0,1,0
BRDA:68,1,0,1
BRDA:68,1,1,0
BRF:4
BRH:2
end_of_record
TN:
SF:src\components\Loader.js
FN:3,(anonymous_0)
FNF:1
FNH:0
FNDA:0,(anonymous_0)
DA:3,1
DA:4,0
LF:2
LH:1
BRF:0
BRH:0
end_of_record
TN:
SF:src\components\RestaurantCard.js
FN:3,(anonymous_0)
FNF:1
FNH:1
FNDA:1,(anonymous_0)
DA:3,2
DA:4,1
DA:14,1
DA:16,1
LF:4
LH:4
BRF:0
BRH:0
end_of_record
TN:
SF:src\components\sum.js
FN:1,(anonymous_0)
FNF:1
FNH:1
FNDA:2,(anonymous_0)
DA:1,2
DA:2,2
LF:2
LH:2
BRF:0
BRH:0
end_of_record
TN:
SF:src\utils\CartSlice.js
FN:9,(anonymous_0)
FN:13,(anonymous_1)
FN:17,(anonymous_2)
FNF:3
FNH:0
FNDA:0,(anonymous_0)
FNDA:0,(anonymous_1)
FNDA:0,(anonymous_2)
DA:3,1
DA:10,0
DA:14,0
DA:18,0
DA:32,1
LF:5
LH:2
BRF:0
BRH:0
end_of_record
TN:
SF:src\utils\UserContext.js
FNF:0
FNH:0
DA:3,1
LF:1
LH:1
BRF:0
BRH:0
end_of_record
TN:
SF:src\utils\appStore.js
FNF:0
FNH:0
DA:4,1
LF:1
LH:1
BRF:0
BRH:0
end_of_record
TN:
SF:src\utils\constants.js
FNF:0
FNH:0
DA:3,2
DA:7,2
DA:9,2
DA:11,2
LF:4
LH:4
BRF:0
BRH:0
end_of_record
TN:
SF:src\utils\useOnlineStatus.js
FN:3,(anonymous_0)
FN:6,(anonymous_1)
FN:7,(anonymous_2)
FN:11,(anonymous_3)
FNF:4
FNH:2
FNDA:2,(anonymous_0)
FNDA:1,(anonymous_1)
FNDA:0,(anonymous_2)
FNDA:0,(anonymous_3)
DA:3,1
DA:4,2
DA:6,2
DA:7,1
DA:8,0
DA:11,1
DA:12,0
DA:17,2
LF:8
LH:6
BRF:0
BRH:0
end_of_record
